<?xml version="1.0" encoding="UTF-8"?>
<testsuite xmlns:xsi="http://www.w3.org/2001/XMLSchema-instance" xsi:noNamespaceSchemaLocation="https://maven.apache.org/surefire/maven-surefire-plugin/xsd/surefire-test-report.xsd" version="3.0.2" name="com.internship.tool.PolicyIntegrationTest" time="10.635" tests="4" errors="0" skipped="0" failures="0" flakes="0">
  <properties>
[...]
</properties>
  <testcase name="testCreatePolicy" classname="com.internship.tool.PolicyIntegrationTest" time="0.493">
    <system-out><![CDATA[2026-05-09T14:24:07.441+05:30  INFO 5216 --- [tool] [           main] o.t.d.DockerClientProviderStrategy       : Loaded org.testcontainers.dockerclient.NpipeSocketClientProviderStrategy from ~/.testcontainers.properties, will try it first
2026-05-09T14:24:07.994+05:30  INFO 5216 --- [tool] [           main] o.t.d.DockerClientProviderStrategy       : Found Docker environment with local Npipe socket (npipe:////./pipe/docker_engine)
2026-05-09T14:24:08.007+05:30  INFO 5216 --- [tool] [           main] org.testcontainers.DockerClientFactory   : Docker host IP address is localhost
2026-05-09T14:24:08.033+05:30  INFO 5216 --- [tool] [           main] org.testcontainers.DockerClientFactory   : Connected to docker: 
  Server Version: 29.4.2
  API Version: 1.54
  Operating System: Docker Desktop
  Total Memory: 7763 MB
2026-05-09T14:24:08.051+05:30  INFO 5216 --- [tool] [           main] org.testcontainers.images.PullPolicy     : Image pull policy will be performed by: DefaultPullPolicy()
2026-05-09T14:24:08.054+05:30  INFO 5216 --- [tool] [           main] o.t.utility.ImageNameSubstitutor         : Image name substitution will be performed by: DefaultImageNameSubstitutor (composite of 'ConfigurationFileImageNameSubstitutor' and 'PrefixingImageNameSubstitutor')
2026-05-09T14:24:08.195+05:30  INFO 5216 --- [tool] [           main] tc.testcontainers/ryuk:0.7.0             : Creating container for image: testcontainers/ryuk:0.7.0
2026-05-09T14:24:08.538+05:30  INFO 5216 --- [tool] [           main] tc.testcontainers/ryuk:0.7.0             : Container testcontainers/ryuk:0.7.0 is starting: 4656fe398ca2fd511c08f1da7e318314576bad439a0b3b6fc9621be87f6cf522
2026-05-09T14:24:08.984+05:30  INFO 5216 --- [tool] [           main] tc.testcontainers/ryuk:0.7.0             : Container testcontainers/ryuk:0.7.0 started in PT0.7883258S
2026-05-09T14:24:08.994+05:30  INFO 5216 --- [tool] [           main] o.t.utility.RyukResourceReaper           : Ryuk started - will monitor and terminate Testcontainers containers on JVM exit
2026-05-09T14:24:08.995+05:30  INFO 5216 --- [tool] [           main] org.testcontainers.DockerClientFactory   : Checking the system...
2026-05-09T14:24:08.995+05:30  INFO 5216 --- [tool] [           main] org.testcontainers.DockerClientFactory   : ?? Docker server version should be at least 1.6.0
2026-05-09T14:24:08.999+05:30  INFO 5216 --- [tool] [           main] t.c.s.AnnotationConfigContextLoaderUtils : Could not detect default configuration classes for test class [com.internship.tool.PolicyIntegrationTest]: PolicyIntegrationTest does not declare any static, non-private, non-final, nested classes annotated with @Configuration.
2026-05-09T14:24:09.004+05:30  INFO 5216 --- [tool] [           main] .b.t.c.SpringBootTestContextBootstrapper : Found @SpringBootConfiguration com.internship.tool.ToolApplication for test class com.internship.tool.PolicyIntegrationTest
2026-05-09T14:24:09.027+05:30  INFO 5216 --- [tool] [           main] tc.redis:7                               : Creating container for image: redis:7
2026-05-09T14:24:09.143+05:30  INFO 5216 --- [tool] [           main] tc.redis:7                               : Container redis:7 is starting: b9de82a8250dc55b54bf068a1030cc469dde43f69fa596554da39cb24c044b98
2026-05-09T14:24:09.537+05:30  INFO 5216 --- [tool] [           main] tc.redis:7                               : Container redis:7 started in PT0.5107159S
2026-05-09T14:24:09.538+05:30  INFO 5216 --- [tool] [           main] tc.postgres:16                           : Creating container for image: postgres:16
2026-05-09T14:24:09.651+05:30  INFO 5216 --- [tool] [           main] tc.postgres:16                           : Container postgres:16 is starting: 56871bfbc7f96ce14dbee0f23f7d50538685ec88029db3c2713408a54b47f1ac
2026-05-09T14:24:11.097+05:30  INFO 5216 --- [tool] [           main] tc.postgres:16                           : Container postgres:16 started in PT1.5593063S
2026-05-09T14:24:11.101+05:30  INFO 5216 --- [tool] [           main] tc.postgres:16                           : Container is started (JDBC URL: jdbc:postgresql://localhost:58834/testdb?loggerLevel=OFF)

  .   ____          _            __ _ _
 /\\ / ___'_ __ _ _(_)_ __  __ _ \ \ \ \
( ( )\___ | '_ | '_| | '_ \/ _` | \ \ \ \
 \\/  ___)| |_)| | | | | || (_| |  ) ) ) )
  '  |____| .__|_| |_|_| |_\__, | / / / /
 =========|_|==============|___/=/_/_/_/

 :: Spring Boot ::               (v3.5.13)

2026-05-09T08:54:11.136Z  INFO 5216 --- [tool] [           main] c.internship.tool.PolicyIntegrationTest  : Starting PolicyIntegrationTest using Java 17.0.12 with PID 5216 (started by darshan in C:\xampp\htdocs\ai-policy-drafting-assistant\backend)
2026-05-09T08:54:11.136Z DEBUG 5216 --- [tool] [           main] c.internship.tool.PolicyIntegrationTest  : Running with Spring Boot v3.5.13, Spring v6.2.17
2026-05-09T08:54:11.136Z  INFO 5216 --- [tool] [           main] c.internship.tool.PolicyIntegrationTest  : The following 1 profile is active: "test"
2026-05-09T08:54:11.659Z  INFO 5216 --- [tool] [           main] .s.d.r.c.RepositoryConfigurationDelegate : Multiple Spring Data modules found, entering strict repository configuration mode
2026-05-09T08:54:11.663Z  INFO 5216 --- [tool] [           main] .s.d.r.c.RepositoryConfigurationDelegate : Bootstrapping Spring Data JPA repositories in DEFAULT mode.
2026-05-09T08:54:11.767Z  INFO 5216 --- [tool] [           main] .s.d.r.c.RepositoryConfigurationDelegate : Finished Spring Data repository scanning in 82 ms. Found 4 JPA repository interfaces.
2026-05-09T08:54:11.795Z  INFO 5216 --- [tool] [           main] .s.d.r.c.RepositoryConfigurationDelegate : Multiple Spring Data modules found, entering strict repository configuration mode
2026-05-09T08:54:11.798Z  INFO 5216 --- [tool] [           main] .s.d.r.c.RepositoryConfigurationDelegate : Bootstrapping Spring Data Redis repositories in DEFAULT mode.
2026-05-09T08:54:11.817Z  INFO 5216 --- [tool] [           main] .RepositoryConfigurationExtensionSupport : Spring Data Redis - Could not safely identify store assignment for repository candidate interface com.internship.tool.repository.AuditLogRepository; If you want this repository to be a Redis repository, consider annotating your entities with one of these annotations: org.springframework.data.redis.core.RedisHash (preferred), or consider extending one of the following types with your repository: org.springframework.data.keyvalue.repository.KeyValueRepository
2026-05-09T08:54:11.817Z  INFO 5216 --- [tool] [           main] .RepositoryConfigurationExtensionSupport : Spring Data Redis - Could not safely identify store assignment for repository candidate interface com.internship.tool.repository.FileRepository; If you want this repository to be a Redis repository, consider annotating your entities with one of these annotations: org.springframework.data.redis.core.RedisHash (preferred), or consider extending one of the following types with your repository: org.springframework.data.keyvalue.repository.KeyValueRepository
2026-05-09T08:54:11.817Z  INFO 5216 --- [tool] [           main] .RepositoryConfigurationExtensionSupport : Spring Data Redis - Could not safely identify store assignment for repository candidate interface com.internship.tool.repository.PolicyRepository; If you want this repository to be a Redis repository, consider annotating your entities with one of these annotations: org.springframework.data.redis.core.RedisHash (preferred), or consider extending one of the following types with your repository: org.springframework.data.keyvalue.repository.KeyValueRepository
2026-05-09T08:54:11.817Z  INFO 5216 --- [tool] [           main] .RepositoryConfigurationExtensionSupport : Spring Data Redis - Could not safely identify store assignment for repository candidate interface com.internship.tool.repository.UserRepository; If you want this repository to be a Redis repository, consider annotating your entities with one of these annotations: org.springframework.data.redis.core.RedisHash (preferred), or consider extending one of the following types with your repository: org.springframework.data.keyvalue.repository.KeyValueRepository
2026-05-09T08:54:11.817Z  INFO 5216 --- [tool] [           main] .s.d.r.c.RepositoryConfigurationDelegate : Finished Spring Data repository scanning in 9 ms. Found 0 Redis repository interfaces.
2026-05-09T08:54:12.639Z  INFO 5216 --- [tool] [           main] o.hibernate.jpa.internal.util.LogHelper  : HHH000204: Processing PersistenceUnitInfo [name: default]
2026-05-09T08:54:12.760Z  INFO 5216 --- [tool] [           main] org.hibernate.Version                    : HHH000412: Hibernate ORM core version 6.6.45.Final
2026-05-09T08:54:12.833Z  INFO 5216 --- [tool] [           main] o.h.c.internal.RegionFactoryInitiator    : HHH000026: Second-level cache disabled
2026-05-09T08:54:13.017Z  INFO 5216 --- [tool] [           main] o.s.o.j.p.SpringPersistenceUnitInfo      : No LoadTimeWeaver setup: ignoring JPA class transformer
2026-05-09T08:54:13.052Z  INFO 5216 --- [tool] [           main] com.zaxxer.hikari.HikariDataSource       : HikariPool-1 - Starting...
2026-05-09T08:54:13.259Z  INFO 5216 --- [tool] [           main] com.zaxxer.hikari.pool.HikariPool        : HikariPool-1 - Added connection org.postgresql.jdbc.PgConnection@7aabbe81
2026-05-09T08:54:13.263Z  INFO 5216 --- [tool] [           main] com.zaxxer.hikari.HikariDataSource       : HikariPool-1 - Start completed.
2026-05-09T08:54:13.311Z  WARN 5216 --- [tool] [           main] org.hibernate.orm.deprecation            : HHH90000025: PostgreSQLDialect does not need to be specified explicitly using 'hibernate.dialect' (remove the property setting and it will be selected by default)
2026-05-09T08:54:13.345Z  INFO 5216 --- [tool] [           main] org.hibernate.orm.connections.pooling    : HHH10001005: Database info:
	Database JDBC URL [Connecting through datasource 'HikariDataSource (HikariPool-1)']
	Database driver: undefined/unknown
	Database version: 16.13
	Autocommit mode: undefined/unknown
	Isolation level: undefined/unknown
	Minimum pool size: undefined/unknown
	Maximum pool size: undefined/unknown
2026-05-09T08:54:14.422Z  INFO 5216 --- [tool] [           main] o.h.e.t.j.p.i.JtaPlatformInitiator       : HHH000489: No JTA platform available (set 'hibernate.transaction.jta.platform' to enable JTA platform integration)
2026-05-09T08:54:14.437Z DEBUG 5216 --- [tool] [           main] org.hibernate.SQL                        : 
    set client_min_messages = WARNING
Hibernate: 
    set client_min_messages = WARNING
2026-05-09T08:54:14.444Z DEBUG 5216 --- [tool] [           main] org.hibernate.SQL                        : 
    alter table if exists audit_log 
       drop constraint if exists FK3ojct4w2u03btehbohollwxlb
Hibernate: 
    alter table if exists audit_log 
       drop constraint if exists FK3ojct4w2u03btehbohollwxlb
2026-05-09T08:54:14.445Z DEBUG 5216 --- [tool] [           main] org.hibernate.SQL                        : 
    drop table if exists audit_log cascade
Hibernate: 
    drop table if exists audit_log cascade
2026-05-09T08:54:14.446Z DEBUG 5216 --- [tool] [           main] org.hibernate.SQL                        : 
    drop table if exists file_entity cascade
Hibernate: 
    drop table if exists file_entity cascade
2026-05-09T08:54:14.447Z DEBUG 5216 --- [tool] [           main] org.hibernate.SQL                        : 
    drop table if exists policies cascade
Hibernate: 
    drop table if exists policies cascade
2026-05-09T08:54:14.448Z DEBUG 5216 --- [tool] [           main] org.hibernate.SQL                        : 
    drop table if exists users cascade
Hibernate: 
    drop table if exists users cascade
2026-05-09T08:54:14.453Z DEBUG 5216 --- [tool] [           main] org.hibernate.SQL                        : 
    create table audit_log (
        changed_at timestamp(6),
        policy_id bigint not null,
        id uuid not null,
        action varchar(255),
        changed_by varchar(255),
        entity_type varchar(255),
        new_data TEXT,
        old_data TEXT,
        primary key (id)
    )
Hibernate: 
    create table audit_log (
        changed_at timestamp(6),
        policy_id bigint not null,
        id uuid not null,
        action varchar(255),
        changed_by varchar(255),
        entity_type varchar(255),
        new_data TEXT,
        old_data TEXT,
        primary key (id)
    )
2026-05-09T08:54:14.457Z DEBUG 5216 --- [tool] [           main] org.hibernate.SQL                        : 
    create table file_entity (
        id bigint generated by default as identity,
        size bigint not null,
        file_name varchar(255),
        file_path varchar(255),
        file_type varchar(255),
        original_name varchar(255),
        primary key (id)
    )
Hibernate: 
    create table file_entity (
        id bigint generated by default as identity,
        size bigint not null,
        file_name varchar(255),
        file_path varchar(255),
        file_type varchar(255),
        original_name varchar(255),
        primary key (id)
    )
2026-05-09T08:54:14.460Z DEBUG 5216 --- [tool] [           main] org.hibernate.SQL                        : 
    create table policies (
        is_deleted boolean,
        created_at timestamp(6),
        due_date timestamp(6),
        id bigint generated by default as identity,
        updated_at timestamp(6),
        category varchar(255) not null,
        created_by varchar(255),
        description varchar(255) not null,
        status varchar(255) not null,
        title varchar(255) not null,
        primary key (id)
    )
Hibernate: 
    create table policies (
        is_deleted boolean,
        created_at timestamp(6),
        due_date timestamp(6),
        id bigint generated by default as identity,
        updated_at timestamp(6),
        category varchar(255) not null,
        created_by varchar(255),
        description varchar(255) not null,
        status varchar(255) not null,
        title varchar(255) not null,
        primary key (id)
    )
2026-05-09T08:54:14.463Z DEBUG 5216 --- [tool] [           main] org.hibernate.SQL                        : 
    create table users (
        id bigint generated by default as identity,
        email varchar(255) not null unique,
        name varchar(255),
        password varchar(255) not null,
        role varchar(255) not null check (role in ('ADMIN','MANAGER','VIEWER')),
        primary key (id)
    )
Hibernate: 
    create table users (
        id bigint generated by default as identity,
        email varchar(255) not null unique,
        name varchar(255),
        password varchar(255) not null,
        role varchar(255) not null check (role in ('ADMIN','MANAGER','VIEWER')),
        primary key (id)
    )
2026-05-09T08:54:14.467Z DEBUG 5216 --- [tool] [           main] org.hibernate.SQL                        : 
    create index idx_policy_due_date 
       on policies (due_date)
Hibernate: 
    create index idx_policy_due_date 
       on policies (due_date)
2026-05-09T08:54:14.468Z DEBUG 5216 --- [tool] [           main] org.hibernate.SQL                        : 
    create index idx_policy_deleted 
       on policies (is_deleted)
Hibernate: 
    create index idx_policy_deleted 
       on policies (is_deleted)
2026-05-09T08:54:14.471Z DEBUG 5216 --- [tool] [           main] org.hibernate.SQL                        : 
    create index idx_policy_deleted_due 
       on policies (is_deleted, due_date)
Hibernate: 
    create index idx_policy_deleted_due 
       on policies (is_deleted, due_date)
2026-05-09T08:54:14.474Z DEBUG 5216 --- [tool] [           main] org.hibernate.SQL                        : 
    alter table if exists audit_log 
       add constraint FK3ojct4w2u03btehbohollwxlb 
       foreign key (policy_id) 
       references policies
Hibernate: 
    alter table if exists audit_log 
       add constraint FK3ojct4w2u03btehbohollwxlb 
       foreign key (policy_id) 
       references policies
2026-05-09T08:54:14.477Z  INFO 5216 --- [tool] [           main] j.LocalContainerEntityManagerFactoryBean : Initialized JPA EntityManagerFactory for persistence unit 'default'
2026-05-09T08:54:15.114Z  INFO 5216 --- [tool] [           main] o.s.d.j.r.query.QueryEnhancerFactory     : Hibernate is in classpath; If applicable, HQL parser will be used.
2026-05-09T08:54:16.573Z  WARN 5216 --- [tool] [           main] JpaBaseConfiguration$JpaWebConfiguration : spring.jpa.open-in-view is enabled by default. Therefore, database queries may be performed during view rendering. Explicitly configure spring.jpa.open-in-view to disable this warning
2026-05-09T08:54:18.144Z  INFO 5216 --- [tool] [           main] c.internship.tool.PolicyIntegrationTest  : Started PolicyIntegrationTest in 7.037 seconds (process running for 15.819)
=== Upcoming Scheduler Running ===
🔥 AOP ENTERED METHOD -> getUpcomingPolicies
2026-05-09T08:54:18.407Z DEBUG 5216 --- [tool] [           main] org.hibernate.SQL                        : 
    select
        p1_0.id,
        p1_0.category,
        p1_0.created_at,
        p1_0.created_by,
        p1_0.is_deleted,
        p1_0.description,
        p1_0.due_date,
        p1_0.status,
        p1_0.title,
        p1_0.updated_at 
    from
        policies p1_0
Hibernate: 
    select
        p1_0.id,
        p1_0.category,
        p1_0.created_at,
        p1_0.created_by,
        p1_0.is_deleted,
        p1_0.description,
        p1_0.due_date,
        p1_0.status,
        p1_0.title,
        p1_0.updated_at 
    from
        policies p1_0
2026-05-09T08:54:18.407Z DEBUG 5216 --- [tool] [   scheduling-1] org.hibernate.SQL                        : 
    select
        p1_0.id,
        p1_0.category,
        p1_0.created_at,
        p1_0.created_by,
        p1_0.is_deleted,
        p1_0.description,
        p1_0.due_date,
        p1_0.status,
        p1_0.title,
        p1_0.updated_at 
    from
        policies p1_0 
    where
        p1_0.due_date between ? and ? 
        and not(p1_0.is_deleted)
Hibernate: 
    select
        p1_0.id,
        p1_0.category,
        p1_0.created_at,
        p1_0.created_by,
        p1_0.is_deleted,
        p1_0.description,
        p1_0.due_date,
        p1_0.status,
        p1_0.title,
        p1_0.updated_at 
    from
        policies p1_0 
    where
        p1_0.due_date between ? and ? 
        and not(p1_0.is_deleted)
2026-05-09T08:54:18.418Z TRACE 5216 --- [tool] [   scheduling-1] org.hibernate.orm.jdbc.bind              : binding parameter (1:TIMESTAMP) <- [2026-05-09T08:54:18.174400300]
2026-05-09T08:54:18.421Z TRACE 5216 --- [tool] [   scheduling-1] org.hibernate.orm.jdbc.bind              : binding parameter (2:TIMESTAMP) <- [2026-05-16T08:54:18.174400300]
Upcoming Count: 0
=== Weekly Summary Scheduler Running ===
🔥 AOP ENTERED METHOD -> getDashboardStats
2026-05-09T08:54:18.521Z DEBUG 5216 --- [tool] [   scheduling-1] org.hibernate.SQL                        : 
    select
        count(*) 
    from
        policies p1_0
Hibernate: 
    select
        count(*) 
    from
        policies p1_0
2026-05-09T08:54:18.564Z DEBUG 5216 --- [tool] [   scheduling-1] org.hibernate.SQL                        : 
    select
        count(p1_0.id) 
    from
        policies p1_0 
    where
        p1_0.is_deleted=false 
        and p1_0.due_date<?
Hibernate: 
    select
        count(p1_0.id) 
    from
        policies p1_0 
    where
        p1_0.is_deleted=false 
        and p1_0.due_date<?
2026-05-09T08:54:18.564Z TRACE 5216 --- [tool] [   scheduling-1] org.hibernate.orm.jdbc.bind              : binding parameter (1:TIMESTAMP) <- [2026-05-09T08:54:18.487762900]
2026-05-09T08:54:18.574Z DEBUG 5216 --- [tool] [   scheduling-1] org.hibernate.SQL                        : 
    select
        count(p1_0.id) 
    from
        policies p1_0 
    where
        p1_0.is_deleted=false 
        and p1_0.due_date between ? and ?
Hibernate: 
    select
        count(p1_0.id) 
    from
        policies p1_0 
    where
        p1_0.is_deleted=false 
        and p1_0.due_date between ? and ?
2026-05-09T08:54:18.575Z TRACE 5216 --- [tool] [   scheduling-1] org.hibernate.orm.jdbc.bind              : binding parameter (1:TIMESTAMP) <- [2026-05-09T08:54:18.487762900]
2026-05-09T08:54:18.575Z TRACE 5216 --- [tool] [   scheduling-1] org.hibernate.orm.jdbc.bind              : binding parameter (2:TIMESTAMP) <- [2026-05-16T08:54:18.487762900]
Total Policies: 0
=== Overdue Scheduler Running ===
🔥 AOP ENTERED METHOD -> getOverduePolicies
2026-05-09T08:54:18.580Z DEBUG 5216 --- [tool] [   scheduling-1] org.hibernate.SQL                        : 
    select
        p1_0.id,
        p1_0.category,
        p1_0.created_at,
        p1_0.created_by,
        p1_0.is_deleted,
        p1_0.description,
        p1_0.due_date,
        p1_0.status,
        p1_0.title,
        p1_0.updated_at 
    from
        policies p1_0 
    where
        p1_0.due_date<? 
        and not(p1_0.is_deleted)
Hibernate: 
    select
        p1_0.id,
        p1_0.category,
        p1_0.created_at,
        p1_0.created_by,
        p1_0.is_deleted,
        p1_0.description,
        p1_0.due_date,
        p1_0.status,
        p1_0.title,
        p1_0.updated_at 
    from
        policies p1_0 
    where
        p1_0.due_date<? 
        and not(p1_0.is_deleted)
2026-05-09T08:54:18.580Z TRACE 5216 --- [tool] [   scheduling-1] org.hibernate.orm.jdbc.bind              : binding parameter (1:TIMESTAMP) <- [2026-05-09T08:54:18.579408300]
Overdue Count: 0
2026-05-09T08:54:18.618Z DEBUG 5216 --- [tool] [           main] org.hibernate.SQL                        : 
    insert 
    into
        policies
        (category, created_at, created_by, is_deleted, description, due_date, status, title, updated_at) 
    values
        (?, ?, ?, ?, ?, ?, ?, ?, ?)
Hibernate: 
    insert 
    into
        policies
        (category, created_at, created_by, is_deleted, description, due_date, status, title, updated_at) 
    values
        (?, ?, ?, ?, ?, ?, ?, ?, ?)
2026-05-09T08:54:18.618Z TRACE 5216 --- [tool] [           main] org.hibernate.orm.jdbc.bind              : binding parameter (1:VARCHAR) <- [Security]
2026-05-09T08:54:18.618Z TRACE 5216 --- [tool] [           main] org.hibernate.orm.jdbc.bind              : binding parameter (2:TIMESTAMP) <- [null]
2026-05-09T08:54:18.618Z TRACE 5216 --- [tool] [           main] org.hibernate.orm.jdbc.bind              : binding parameter (3:VARCHAR) <- [test@test.com]
2026-05-09T08:54:18.618Z TRACE 5216 --- [tool] [           main] org.hibernate.orm.jdbc.bind              : binding parameter (4:BOOLEAN) <- [false]
2026-05-09T08:54:18.618Z TRACE 5216 --- [tool] [           main] org.hibernate.orm.jdbc.bind              : binding parameter (5:VARCHAR) <- [Testing full CRUD]
2026-05-09T08:54:18.618Z TRACE 5216 --- [tool] [           main] org.hibernate.orm.jdbc.bind              : binding parameter (6:TIMESTAMP) <- [2026-05-16T08:54:18.490466]
2026-05-09T08:54:18.618Z TRACE 5216 --- [tool] [           main] org.hibernate.orm.jdbc.bind              : binding parameter (7:VARCHAR) <- [ACTIVE]
2026-05-09T08:54:18.618Z TRACE 5216 --- [tool] [           main] org.hibernate.orm.jdbc.bind              : binding parameter (8:VARCHAR) <- [Integration Test Policy]
2026-05-09T08:54:18.618Z TRACE 5216 --- [tool] [           main] org.hibernate.orm.jdbc.bind              : binding parameter (9:TIMESTAMP) <- [null]
]]></system-out>
  </testcase>
  <testcase name="testReadPolicy" classname="com.internship.tool.PolicyIntegrationTest" time="0.069">
    <system-out><![CDATA[2026-05-09T08:54:18.682Z DEBUG 5216 --- [tool] [           main] org.hibernate.SQL                        : 
    select
        p1_0.id,
        p1_0.category,
        p1_0.created_at,
        p1_0.created_by,
        p1_0.is_deleted,
        p1_0.description,
        p1_0.due_date,
        p1_0.status,
        p1_0.title,
        p1_0.updated_at 
    from
        policies p1_0
Hibernate: 
    select
        p1_0.id,
        p1_0.category,
        p1_0.created_at,
        p1_0.created_by,
        p1_0.is_deleted,
        p1_0.description,
        p1_0.due_date,
        p1_0.status,
        p1_0.title,
        p1_0.updated_at 
    from
        policies p1_0
2026-05-09T08:54:18.702Z DEBUG 5216 --- [tool] [           main] org.hibernate.SQL                        : 
    select
        al1_0.policy_id,
        al1_0.id,
        al1_0.action,
        al1_0.changed_at,
        al1_0.changed_by,
        al1_0.entity_type,
        al1_0.new_data,
        al1_0.old_data 
    from
        audit_log al1_0 
    where
        al1_0.policy_id=?
Hibernate: 
    select
        al1_0.policy_id,
        al1_0.id,
        al1_0.action,
        al1_0.changed_at,
        al1_0.changed_by,
        al1_0.entity_type,
        al1_0.new_data,
        al1_0.old_data 
    from
        audit_log al1_0 
    where
        al1_0.policy_id=?
2026-05-09T08:54:18.702Z TRACE 5216 --- [tool] [           main] org.hibernate.orm.jdbc.bind              : binding parameter (1:BIGINT) <- [1]
2026-05-09T08:54:18.716Z DEBUG 5216 --- [tool] [           main] org.hibernate.SQL                        : 
    delete 
    from
        policies 
    where
        id=?
Hibernate: 
    delete 
    from
        policies 
    where
        id=?
2026-05-09T08:54:18.717Z TRACE 5216 --- [tool] [           main] org.hibernate.orm.jdbc.bind              : binding parameter (1:BIGINT) <- [1]
2026-05-09T08:54:18.725Z DEBUG 5216 --- [tool] [           main] org.hibernate.SQL                        : 
    insert 
    into
        policies
        (category, created_at, created_by, is_deleted, description, due_date, status, title, updated_at) 
    values
        (?, ?, ?, ?, ?, ?, ?, ?, ?)
Hibernate: 
    insert 
    into
        policies
        (category, created_at, created_by, is_deleted, description, due_date, status, title, updated_at) 
    values
        (?, ?, ?, ?, ?, ?, ?, ?, ?)
2026-05-09T08:54:18.725Z TRACE 5216 --- [tool] [           main] org.hibernate.orm.jdbc.bind              : binding parameter (1:VARCHAR) <- [Security]
2026-05-09T08:54:18.726Z TRACE 5216 --- [tool] [           main] org.hibernate.orm.jdbc.bind              : binding parameter (2:TIMESTAMP) <- [null]
2026-05-09T08:54:18.726Z TRACE 5216 --- [tool] [           main] org.hibernate.orm.jdbc.bind              : binding parameter (3:VARCHAR) <- [test@test.com]
2026-05-09T08:54:18.726Z TRACE 5216 --- [tool] [           main] org.hibernate.orm.jdbc.bind              : binding parameter (4:BOOLEAN) <- [false]
2026-05-09T08:54:18.726Z TRACE 5216 --- [tool] [           main] org.hibernate.orm.jdbc.bind              : binding parameter (5:VARCHAR) <- [Testing full CRUD]
2026-05-09T08:54:18.726Z TRACE 5216 --- [tool] [           main] org.hibernate.orm.jdbc.bind              : binding parameter (6:TIMESTAMP) <- [2026-05-16T08:54:18.724530900]
2026-05-09T08:54:18.726Z TRACE 5216 --- [tool] [           main] org.hibernate.orm.jdbc.bind              : binding parameter (7:VARCHAR) <- [ACTIVE]
2026-05-09T08:54:18.726Z TRACE 5216 --- [tool] [           main] org.hibernate.orm.jdbc.bind              : binding parameter (8:VARCHAR) <- [Integration Test Policy]
2026-05-09T08:54:18.726Z TRACE 5216 --- [tool] [           main] org.hibernate.orm.jdbc.bind              : binding parameter (9:TIMESTAMP) <- [null]
2026-05-09T08:54:18.738Z DEBUG 5216 --- [tool] [           main] org.hibernate.SQL                        : 
    select
        p1_0.id,
        p1_0.category,
        p1_0.created_at,
        p1_0.created_by,
        p1_0.is_deleted,
        p1_0.description,
        p1_0.due_date,
        p1_0.status,
        p1_0.title,
        p1_0.updated_at 
    from
        policies p1_0 
    where
        p1_0.id=?
Hibernate: 
    select
        p1_0.id,
        p1_0.category,
        p1_0.created_at,
        p1_0.created_by,
        p1_0.is_deleted,
        p1_0.description,
        p1_0.due_date,
        p1_0.status,
        p1_0.title,
        p1_0.updated_at 
    from
        policies p1_0 
    where
        p1_0.id=?
2026-05-09T08:54:18.739Z TRACE 5216 --- [tool] [           main] org.hibernate.orm.jdbc.bind              : binding parameter (1:BIGINT) <- [2]
]]></system-out>
  </testcase>
  <testcase name="testUpdatePolicy" classname="com.internship.tool.PolicyIntegrationTest" time="0.066">
    <system-out><![CDATA[2026-05-09T08:54:18.754Z DEBUG 5216 --- [tool] [           main] org.hibernate.SQL                        : 
    select
        p1_0.id,
        p1_0.category,
        p1_0.created_at,
        p1_0.created_by,
        p1_0.is_deleted,
        p1_0.description,
        p1_0.due_date,
        p1_0.status,
        p1_0.title,
        p1_0.updated_at 
    from
        policies p1_0
Hibernate: 
    select
        p1_0.id,
        p1_0.category,
        p1_0.created_at,
        p1_0.created_by,
        p1_0.is_deleted,
        p1_0.description,
        p1_0.due_date,
        p1_0.status,
        p1_0.title,
        p1_0.updated_at 
    from
        policies p1_0
2026-05-09T08:54:18.758Z DEBUG 5216 --- [tool] [           main] org.hibernate.SQL                        : 
    select
        al1_0.policy_id,
        al1_0.id,
        al1_0.action,
        al1_0.changed_at,
        al1_0.changed_by,
        al1_0.entity_type,
        al1_0.new_data,
        al1_0.old_data 
    from
        audit_log al1_0 
    where
        al1_0.policy_id=?
Hibernate: 
    select
        al1_0.policy_id,
        al1_0.id,
        al1_0.action,
        al1_0.changed_at,
        al1_0.changed_by,
        al1_0.entity_type,
        al1_0.new_data,
        al1_0.old_data 
    from
        audit_log al1_0 
    where
        al1_0.policy_id=?
2026-05-09T08:54:18.758Z TRACE 5216 --- [tool] [           main] org.hibernate.orm.jdbc.bind              : binding parameter (1:BIGINT) <- [2]
2026-05-09T08:54:18.761Z DEBUG 5216 --- [tool] [           main] org.hibernate.SQL                        : 
    delete 
    from
        policies 
    where
        id=?
Hibernate: 
    delete 
    from
        policies 
    where
        id=?
2026-05-09T08:54:18.762Z TRACE 5216 --- [tool] [           main] org.hibernate.orm.jdbc.bind              : binding parameter (1:BIGINT) <- [2]
2026-05-09T08:54:18.769Z DEBUG 5216 --- [tool] [           main] org.hibernate.SQL                        : 
    insert 
    into
        policies
        (category, created_at, created_by, is_deleted, description, due_date, status, title, updated_at) 
    values
        (?, ?, ?, ?, ?, ?, ?, ?, ?)
Hibernate: 
    insert 
    into
        policies
        (category, created_at, created_by, is_deleted, description, due_date, status, title, updated_at) 
    values
        (?, ?, ?, ?, ?, ?, ?, ?, ?)
2026-05-09T08:54:18.769Z TRACE 5216 --- [tool] [           main] org.hibernate.orm.jdbc.bind              : binding parameter (1:VARCHAR) <- [Security]
2026-05-09T08:54:18.769Z TRACE 5216 --- [tool] [           main] org.hibernate.orm.jdbc.bind              : binding parameter (2:TIMESTAMP) <- [null]
2026-05-09T08:54:18.769Z TRACE 5216 --- [tool] [           main] org.hibernate.orm.jdbc.bind              : binding parameter (3:VARCHAR) <- [test@test.com]
2026-05-09T08:54:18.769Z TRACE 5216 --- [tool] [           main] org.hibernate.orm.jdbc.bind              : binding parameter (4:BOOLEAN) <- [false]
2026-05-09T08:54:18.769Z TRACE 5216 --- [tool] [           main] org.hibernate.orm.jdbc.bind              : binding parameter (5:VARCHAR) <- [Testing full CRUD]
2026-05-09T08:54:18.770Z TRACE 5216 --- [tool] [           main] org.hibernate.orm.jdbc.bind              : binding parameter (6:TIMESTAMP) <- [2026-05-16T08:54:18.767336700]
2026-05-09T08:54:18.770Z TRACE 5216 --- [tool] [           main] org.hibernate.orm.jdbc.bind              : binding parameter (7:VARCHAR) <- [ACTIVE]
2026-05-09T08:54:18.770Z TRACE 5216 --- [tool] [           main] org.hibernate.orm.jdbc.bind              : binding parameter (8:VARCHAR) <- [Integration Test Policy]
2026-05-09T08:54:18.770Z TRACE 5216 --- [tool] [           main] org.hibernate.orm.jdbc.bind              : binding parameter (9:TIMESTAMP) <- [null]
2026-05-09T08:54:18.790Z DEBUG 5216 --- [tool] [           main] org.hibernate.SQL                        : 
    select
        p1_0.id,
        p1_0.category,
        p1_0.created_at,
        p1_0.created_by,
        p1_0.is_deleted,
        p1_0.description,
        p1_0.due_date,
        p1_0.status,
        p1_0.title,
        p1_0.updated_at,
        al1_0.policy_id,
        al1_0.id,
        al1_0.action,
        al1_0.changed_at,
        al1_0.changed_by,
        al1_0.entity_type,
        al1_0.new_data,
        al1_0.old_data 
    from
        policies p1_0 
    left join
        audit_log al1_0 
            on p1_0.id=al1_0.policy_id 
    where
        p1_0.id=?
Hibernate: 
    select
        p1_0.id,
        p1_0.category,
        p1_0.created_at,
        p1_0.created_by,
        p1_0.is_deleted,
        p1_0.description,
        p1_0.due_date,
        p1_0.status,
        p1_0.title,
        p1_0.updated_at,
        al1_0.policy_id,
        al1_0.id,
        al1_0.action,
        al1_0.changed_at,
        al1_0.changed_by,
        al1_0.entity_type,
        al1_0.new_data,
        al1_0.old_data 
    from
        policies p1_0 
    left join
        audit_log al1_0 
            on p1_0.id=al1_0.policy_id 
    where
        p1_0.id=?
2026-05-09T08:54:18.790Z TRACE 5216 --- [tool] [           main] org.hibernate.orm.jdbc.bind              : binding parameter (1:BIGINT) <- [3]
2026-05-09T08:54:18.806Z DEBUG 5216 --- [tool] [           main] org.hibernate.SQL                        : 
    update
        policies 
    set
        category=?,
        created_at=?,
        created_by=?,
        is_deleted=?,
        description=?,
        due_date=?,
        status=?,
        title=?,
        updated_at=? 
    where
        id=?
Hibernate: 
    update
        policies 
    set
        category=?,
        created_at=?,
        created_by=?,
        is_deleted=?,
        description=?,
        due_date=?,
        status=?,
        title=?,
        updated_at=? 
    where
        id=?
2026-05-09T08:54:18.806Z TRACE 5216 --- [tool] [           main] org.hibernate.orm.jdbc.bind              : binding parameter (1:VARCHAR) <- [Security]
2026-05-09T08:54:18.806Z TRACE 5216 --- [tool] [           main] org.hibernate.orm.jdbc.bind              : binding parameter (2:TIMESTAMP) <- [null]
2026-05-09T08:54:18.806Z TRACE 5216 --- [tool] [           main] org.hibernate.orm.jdbc.bind              : binding parameter (3:VARCHAR) <- [test@test.com]
2026-05-09T08:54:18.806Z TRACE 5216 --- [tool] [           main] org.hibernate.orm.jdbc.bind              : binding parameter (4:BOOLEAN) <- [false]
2026-05-09T08:54:18.806Z TRACE 5216 --- [tool] [           main] org.hibernate.orm.jdbc.bind              : binding parameter (5:VARCHAR) <- [Testing full CRUD]
2026-05-09T08:54:18.806Z TRACE 5216 --- [tool] [           main] org.hibernate.orm.jdbc.bind              : binding parameter (6:TIMESTAMP) <- [2026-05-16T08:54:18.767336700]
2026-05-09T08:54:18.806Z TRACE 5216 --- [tool] [           main] org.hibernate.orm.jdbc.bind              : binding parameter (7:VARCHAR) <- [INACTIVE]
2026-05-09T08:54:18.806Z TRACE 5216 --- [tool] [           main] org.hibernate.orm.jdbc.bind              : binding parameter (8:VARCHAR) <- [Updated Policy]
2026-05-09T08:54:18.806Z TRACE 5216 --- [tool] [           main] org.hibernate.orm.jdbc.bind              : binding parameter (9:TIMESTAMP) <- [null]
2026-05-09T08:54:18.806Z TRACE 5216 --- [tool] [           main] org.hibernate.orm.jdbc.bind              : binding parameter (10:BIGINT) <- [3]
]]></system-out>
  </testcase>
  <testcase name="testDeletePolicy" classname="com.internship.tool.PolicyIntegrationTest" time="0.037">
    <system-out><![CDATA[2026-05-09T08:54:18.819Z DEBUG 5216 --- [tool] [           main] org.hibernate.SQL                        : 
    select
        p1_0.id,
        p1_0.category,
        p1_0.created_at,
        p1_0.created_by,
        p1_0.is_deleted,
        p1_0.description,
        p1_0.due_date,
        p1_0.status,
        p1_0.title,
        p1_0.updated_at 
    from
        policies p1_0
Hibernate: 
    select
        p1_0.id,
        p1_0.category,
        p1_0.created_at,
        p1_0.created_by,
        p1_0.is_deleted,
        p1_0.description,
        p1_0.due_date,
        p1_0.status,
        p1_0.title,
        p1_0.updated_at 
    from
        policies p1_0
2026-05-09T08:54:18.823Z DEBUG 5216 --- [tool] [           main] org.hibernate.SQL                        : 
    select
        al1_0.policy_id,
        al1_0.id,
        al1_0.action,
        al1_0.changed_at,
        al1_0.changed_by,
        al1_0.entity_type,
        al1_0.new_data,
        al1_0.old_data 
    from
        audit_log al1_0 
    where
        al1_0.policy_id=?
Hibernate: 
    select
        al1_0.policy_id,
        al1_0.id,
        al1_0.action,
        al1_0.changed_at,
        al1_0.changed_by,
        al1_0.entity_type,
        al1_0.new_data,
        al1_0.old_data 
    from
        audit_log al1_0 
    where
        al1_0.policy_id=?
2026-05-09T08:54:18.823Z TRACE 5216 --- [tool] [           main] org.hibernate.orm.jdbc.bind              : binding parameter (1:BIGINT) <- [3]
2026-05-09T08:54:18.826Z DEBUG 5216 --- [tool] [           main] org.hibernate.SQL                        : 
    delete 
    from
        policies 
    where
        id=?
Hibernate: 
    delete 
    from
        policies 
    where
        id=?
2026-05-09T08:54:18.826Z TRACE 5216 --- [tool] [           main] org.hibernate.orm.jdbc.bind              : binding parameter (1:BIGINT) <- [3]
2026-05-09T08:54:18.831Z DEBUG 5216 --- [tool] [           main] org.hibernate.SQL                        : 
    insert 
    into
        policies
        (category, created_at, created_by, is_deleted, description, due_date, status, title, updated_at) 
    values
        (?, ?, ?, ?, ?, ?, ?, ?, ?)
Hibernate: 
    insert 
    into
        policies
        (category, created_at, created_by, is_deleted, description, due_date, status, title, updated_at) 
    values
        (?, ?, ?, ?, ?, ?, ?, ?, ?)
2026-05-09T08:54:18.831Z TRACE 5216 --- [tool] [           main] org.hibernate.orm.jdbc.bind              : binding parameter (1:VARCHAR) <- [Security]
2026-05-09T08:54:18.831Z TRACE 5216 --- [tool] [           main] org.hibernate.orm.jdbc.bind              : binding parameter (2:TIMESTAMP) <- [null]
2026-05-09T08:54:18.831Z TRACE 5216 --- [tool] [           main] org.hibernate.orm.jdbc.bind              : binding parameter (3:VARCHAR) <- [test@test.com]
2026-05-09T08:54:18.831Z TRACE 5216 --- [tool] [           main] org.hibernate.orm.jdbc.bind              : binding parameter (4:BOOLEAN) <- [false]
2026-05-09T08:54:18.831Z TRACE 5216 --- [tool] [           main] org.hibernate.orm.jdbc.bind              : binding parameter (5:VARCHAR) <- [Testing full CRUD]
2026-05-09T08:54:18.831Z TRACE 5216 --- [tool] [           main] org.hibernate.orm.jdbc.bind              : binding parameter (6:TIMESTAMP) <- [2026-05-16T08:54:18.830190600]
2026-05-09T08:54:18.832Z TRACE 5216 --- [tool] [           main] org.hibernate.orm.jdbc.bind              : binding parameter (7:VARCHAR) <- [ACTIVE]
2026-05-09T08:54:18.832Z TRACE 5216 --- [tool] [           main] org.hibernate.orm.jdbc.bind              : binding parameter (8:VARCHAR) <- [Integration Test Policy]
2026-05-09T08:54:18.832Z TRACE 5216 --- [tool] [           main] org.hibernate.orm.jdbc.bind              : binding parameter (9:TIMESTAMP) <- [null]
2026-05-09T08:54:18.837Z DEBUG 5216 --- [tool] [           main] org.hibernate.SQL                        : 
    select
        p1_0.id,
        p1_0.category,
        p1_0.created_at,
        p1_0.created_by,
        p1_0.is_deleted,
        p1_0.description,
        p1_0.due_date,
        p1_0.status,
        p1_0.title,
        p1_0.updated_at 
    from
        policies p1_0 
    where
        p1_0.id=?
Hibernate: 
    select
        p1_0.id,
        p1_0.category,
        p1_0.created_at,
        p1_0.created_by,
        p1_0.is_deleted,
        p1_0.description,
        p1_0.due_date,
        p1_0.status,
        p1_0.title,
        p1_0.updated_at 
    from
        policies p1_0 
    where
        p1_0.id=?
2026-05-09T08:54:18.838Z TRACE 5216 --- [tool] [           main] org.hibernate.orm.jdbc.bind              : binding parameter (1:BIGINT) <- [4]
2026-05-09T08:54:18.840Z DEBUG 5216 --- [tool] [           main] org.hibernate.SQL                        : 
    select
        al1_0.policy_id,
        al1_0.id,
        al1_0.action,
        al1_0.changed_at,
        al1_0.changed_by,
        al1_0.entity_type,
        al1_0.new_data,
        al1_0.old_data 
    from
        audit_log al1_0 
    where
        al1_0.policy_id=?
Hibernate: 
    select
        al1_0.policy_id,
        al1_0.id,
        al1_0.action,
        al1_0.changed_at,
        al1_0.changed_by,
        al1_0.entity_type,
        al1_0.new_data,
        al1_0.old_data 
    from
        audit_log al1_0 
    where
        al1_0.policy_id=?
2026-05-09T08:54:18.841Z TRACE 5216 --- [tool] [           main] org.hibernate.orm.jdbc.bind              : binding parameter (1:BIGINT) <- [4]
2026-05-09T08:54:18.843Z DEBUG 5216 --- [tool] [           main] org.hibernate.SQL                        : 
    delete 
    from
        policies 
    where
        id=?
Hibernate: 
    delete 
    from
        policies 
    where
        id=?
2026-05-09T08:54:18.843Z TRACE 5216 --- [tool] [           main] org.hibernate.orm.jdbc.bind              : binding parameter (1:BIGINT) <- [4]
2026-05-09T08:54:18.847Z DEBUG 5216 --- [tool] [           main] org.hibernate.SQL                        : 
    select
        p1_0.id,
        p1_0.category,
        p1_0.created_at,
        p1_0.created_by,
        p1_0.is_deleted,
        p1_0.description,
        p1_0.due_date,
        p1_0.status,
        p1_0.title,
        p1_0.updated_at 
    from
        policies p1_0 
    where
        p1_0.id=?
Hibernate: 
    select
        p1_0.id,
        p1_0.category,
        p1_0.created_at,
        p1_0.created_by,
        p1_0.is_deleted,
        p1_0.description,
        p1_0.due_date,
        p1_0.status,
        p1_0.title,
        p1_0.updated_at 
    from
        policies p1_0 
    where
        p1_0.id=?
2026-05-09T08:54:18.847Z TRACE 5216 --- [tool] [           main] org.hibernate.orm.jdbc.bind              : binding parameter (1:BIGINT) <- [4]
]]></system-out>
  </testcase>
</testsuite>