<?xml version="1.0" encoding="UTF-8"?>
<testsuite xmlns:xsi="http://www.w3.org/2001/XMLSchema-instance" xsi:noNamespaceSchemaLocation="https://maven.apache.org/surefire/maven-surefire-plugin/xsd/surefire-test-report.xsd" version="3.0.2" name="com.internship.tool.Day11PolicyCrudIntegrationTest" time="0.001" tests="1" errors="0" skipped="1" failures="0" flakes="0">
  <properties>
[...]
</properties>
  <testcase name="fullCrudFlow_restEndpoints" classname="com.internship.tool.Day11PolicyCrudIntegrationTest" time="0.0">
    <skipped message="Integration test requires Docker/Testcontainers — enable manually"/>
  </testcase>
</testsuite>